==> Input: 'poiuytdsdrtrsasdfghjkl', expecting 'postal'
==> Timeout

==> Input: 'wertyuiookjnnbfddrtyuioiuytfds', expecting 'wondrous'
==> Timeout

==> Input: 'dfuiuydsdfghjkoppoiuytrsaserrrrresasdfge', expecting 'disparage'
==> Timeout

==> Input: 'fewasdrtyuytres', expecting 'features'
==> Timeout

==> Input: 'efgbnbghuijnbgfres', expecting 'engines'
==> Timeout

==> Input: 'rerghmhgredfytrds', expecting 'remedys'
==> Timeout

==> Input: 'cghiokmngfrefgbnbvfdfyuijnbg', expecting 'commending'
==> Timeout

==> Input: 'ujnbfrtyuiuytrerghnbgfdfghjkliuytresdt', expecting 'unfriendliest'
==> Timeout

==> Input: 'poiuytdsasdfgbnjiuydsdrtrds', expecting 'pianists'
==> Timeout

==> Input: 'thhgreresasrtttyuiopoiuyytds', expecting 'therapys'
==> Timeout

==> Input: 'sasrtyuijnbgfds', expecting 'sayings'
==> Timeout

==> Input: 'lijnjikmnhgrefgbnht', expecting 'liniment'
==> Timeout

==> Input: 'fdsasxcghuioliuytttttttttttttttytrds', expecting 'facilitys'
==> Timeout

==> Input: 'gbnbvcxsasdrtrds', expecting 'gnats'
==> Timeout

==> Input: 'tresaxdes', expecting 'taxes'
==> Stdout
taxes

==> Return code 0
==> Pass

==> Input: 'mnbfdsasdtyuiolkjnbjoiugfcx', expecting 'mailbox'
==> Stdout
mailbox

==> Return code 0
==> Pass

==> Input: 'sdrtyuioiuytres', expecting 'stores'
==> Stdout
stores

==> Return code 0
==> Pass

==> Input: 'asdfghjklkjhvccccccccvghjioijhjioliugvcs', expecting 'alcoholics'
==> Stdout
alcoholics

==> Return code 0
==> Pass

==> Input: 'mngfdsasrtrtyuiugfcgyuilkjhgfdsasrtyuiokjn', expecting 'matriculation'
==> Stdout
matriculation

==> Return code 0
==> Pass

==> Input: 'edxftyuijnguiuytdsdfgh', expecting 'extinguish'
==> Stdout
extinguish

==> Return code 0
==> Pass

==> Input: 'poiuytrtyuioihvhiuygfdes', expecting 'provides'
==> Stdout
provides

==> Return code 0
==> Pass

==> Input: 'rerfgbnnnnnnnnnnnnnnbfdeeeeeeeeeeeeeeeeeeeeeeeeeeeszxcvbhjioiuytfds', expecting 'rendezvouss'
==> Stdout
rendezvous

==> Return code 0
==> Fail

==> Input: 'hgfder', expecting 'her'
==> Stdout
her

==> Return code 0
==> Pass

==> Input: 'chgfdsasdfgbnnnnnnnnngfrerthjklkjhgfds', expecting 'channels'
==> Stdout
channels

==> Return code 0
==> Pass

==> Input: 'miuhgcfrtyuioooooiugfgyuiolmnbvfds', expecting 'microfilms'
==> Stdout


==> Return code 0
==> Fail

==> Input: 'cvghioijhbvfdertyuijnbg', expecting 'covering'
==> Stdout
covering

==> Return code 0
==> Pass

==> Input: 'csasertyuiolkjhgred', expecting 'casseroled'
==> Stdout
casseroles

==> Return code 0
==> Fail

==> Input: 'mkiuytdsdrtrdsasdfghjkjhgtrerfgbnmklkjuy', expecting 'mistakenly'
==> Stdout
mistakenly

==> Return code 0
==> Pass

==> Input: 'gfrertyjklkjhgfded', expecting 'gelded'
==> Stdout
gelded

==> Return code 0
==> Pass

==> Input: 'cvghioknbvfdsdfghuioiuytrt', expecting 'consort'
==> Stdout
consort

==> Return code 0
==> Pass

==> Input: 'lkjytrefvfres', expecting 'levees'
==> Stdout
levees

==> Return code 0
==> Pass

==> Input: 'gfesdrtyuiuhgfcccccgyuilkjhgfdsasrtres', expecting 'gesticulates'
==> Stdout


==> Return code 0
==> Fail

==> Input: 'ghioiuytrgfde', expecting 'gorge'
==> Stdout
gorge

==> Return code 0
==> Pass

==> Input: 'poiuytrertrefgnbfdfyuijng', expecting 'pretending'
==> Stdout
pretending

==> Return code 0
==> Pass

==> Input: 'erfghnmmmmmmmmmmmmnbnklkjhgtrerghnmnbvds', expecting 'emblems'
==> Stdout
emblems

==> Return code 0
==> Pass

==> Input: 'ijnbvdsascvbnbgfesdt', expecting 'inanest'
==> Stdout
unnamed

==> Return code 0
==> Fail

==> Input: 'ijnjuytrerfgbnbvfdfghioiuytds', expecting 'innuendos'
==> Stdout
internships

==> Return code 0
==> Fail

==> Input: 'poillkjhgrtyuikmnbfds', expecting 'pilgrims'
==> Stdout
pilgrims

==> Return code 0
==> Pass

==> Input: 'cghgrefghnmkiuytdsdrt', expecting 'chemist'
==> Stdout
chemist

==> Return code 0
==> Pass

==> Input: 'sdtyuijnnbvcdere', expecting 'sincere'
==> Stdout
sincere

==> Return code 0
==> Pass

==> Input: 'ytresawefgbnbvcds', expecting 'yawns'
==> Stdout
yawns

==> Return code 0
==> Pass

==> Input: 'ijnbvddftyuytdsdrtrtyuiuytresasdfghjkl', expecting 'industrial'
==> Stdout
industrial

==> Return code 0
==> Pass

==> Input: 'jujnkjhgfds', expecting 'junks'
==> Stdout
junks

==> Return code 0
==> Pass

==> Input: 'edxdedcvghuytyuioiuytr', expecting 'executor'
==> Stdout
executor

==> Return code 0
==> Pass

==> Input: 'rerghuiiiiiuytrdsssssssssssssssssssssdrtresasrtyuiokjn', expecting 'registrations'
==> Stdout
registration

==> Return code 0
==> Fail

==> Input: 'poiuytrededcdesssssssssssdfyuioiuytr', expecting 'predecessor'
==> Stdout
predecessor

==> Return code 0
==> Pass

==> Input: 'rerjklkjhgfdsasrty', expecting 'relay'
==> Stdout
relay

==> Return code 0
==> Pass

==> Input: 'bgresasdfyuiuytdses', expecting 'braises'
==> Stdout
besides

==> Return code 0
==> Fail

==> Input: 'sdrtyhnnnnnnnnnnnnnnnnnnnnnnnnnnnnnnnnnbvdrtyuiokmnhgres', expecting 'syndromes'
==> Stdout
syndromes

==> Return code 0
==> Pass

==> Input: 'rtyuioiujnbfded', expecting 'rounded'
==> Stdout
rounded

==> Return code 0
==> Pass

==> Input: 'hioiuytyuijng', expecting 'hooting'
==> Stdout
hooting

==> Return code 0
==> Pass

==> Input: 'dsasdfgfer', expecting 'dagger'
==> Stdout
dagger

==> Return code 0
==> Pass

==> Input: 'poiuytrtyuiuhgcded', expecting 'priced'
==> Stdout
priced

==> Return code 0
==> Pass

==> Input: 'vcsasdtyuijnbgfresdt', expecting 'vainest'
==> Stdout
Basingstoke

==> Return code 0
==> Fail

==> Input: 'ujnbvcgyuilkuytyuytred', expecting 'uncultured'
==> Stdout
uncultured

==> Return code 0
==> Pass

==> Input: 'rerthjklkiuygfcftrsasdfbnbvcde', expecting 'reluctance'
==> Stdout
reluctance

==> Return code 0
==> Pass

==> Input: 'cghuioijngfdesasdfghjklkjhgfds', expecting 'congeals'
==> Stdout
congealed

==> Return code 0
==> Fail

==> Input: 'csasdfbnjiuytdsdrtrers', expecting 'canisters'
==> Stdout
canisters

==> Return code 0
==> Pass

==> Input: 'cfredfguiuytrds', expecting 'credits'
==> Stdout
credits

==> Return code 0
==> Pass

==> Input: 'exftrefgbnbfdsdfguiokjnbvcds', expecting 'extensions'
==> Stdout
extensions

==> Return code 0
==> Pass

==> Input: 'oijhvfderrrrrrrrrrrrrrrewaxcftrds', expecting 'overreacts'
==> Stdout
overreacted

==> Return code 0
==> Fail

==> Input: 'njiuhbnklijng', expecting 'nibbling'
==> Stdout
nibbling

==> Return code 0
==> Pass

==> Input: 'sdfyuiopoiuytrgbn', expecting 'spurn'
==> Stdout
spurn

==> Return code 0
==> Pass

==> Input: 'fdsasdrtttyuiiuggggguytre', expecting 'fatigue'
==> Stdout
fatigue

==> Return code 0
==> Pass

==> Input: 'ujnbgfdwertyuilijngnbgfres', expecting 'unwillingness'
==> Stdout
unwillingness

==> Return code 0
==> Pass

==> Input: 'grtyuioiuytrewerthgfds', expecting 'growths'
==> Stdout
growths

==> Return code 0
==> Pass

==> Input: 'trertresasdbnjuytds', expecting 'tetanuss'
==> Stdout
tetanus

==> Return code 0
==> Fail

==> Input: 'rerghjkloiuhgcxsasrtrsasdcvbnklkjhgre', expecting 'relocatable'
==> Stdout
relocatable

==> Return code 0
==> Pass

==> Input: 'ases', expecting 'asses'
==> Stdout
assess

==> Return code 0
==> Fail

==> Input: 'ghioiuyfdfvbnmkoiuythgfers', expecting 'godmothers'
==> Stdout
godmother

==> Return code 0
==> Fail

==> Input: 'lkjhgfdsasrty', expecting 'lay'
==> Stdout
Larry

==> Return code 0
==> Fail

==> Input: 'bhuhbnklkjhgre', expecting 'bubble'
==> Stdout
bubble

==> Return code 0
==> Pass

==> Input: 'sdtrsasrtyuiuytdsdrttttyuiuhgvcghuiuytrdsasdfgbnbfds', expecting 'statisticians'
==> Stdout
statisticians

==> Return code 0
==> Pass

==> Input: 'bjokmngfds', expecting 'booms'
==> Stdout
bonds

==> Return code 0
==> Fail

==> Input: 'csasduiopoilkjhgfdsasdrrtytds', expecting 'capillarys'
==> Stdout


==> Return code 0
==> Fail

==> Input: 'rerghjuuuuuhgvfdefgbnbvcdsasrtyuiokjn', expecting 'rejuvenation'
==> Stdout
rejuvenation

==> Return code 0
==> Pass

==> Input: 'sdfghjioiuytrttfdsasdfghjkl', expecting 'shortfall'
==> Stdout
shortfall

==> Return code 0
==> Pass

==> Input: 'cghiokmujngfe', expecting 'commune'
==> Stdout
conundrum

==> Return code 0
==> Fail

==> Input: 'poiuytrsasvbnhgfdsasdvbnbgfdfghjklkjhgers', expecting 'panhandlers'
==> Stdout
panhandle

==> Return code 0
==> Fail

==> Input: 'ikmnbvcxsasrtyuytrtyuiuytytrds', expecting 'immaturitys'
==> Stdout
Ishisaki

==> Return code 0
==> Fail

==> Input: 'nbgfertyukloijng', expecting 'nettling'
==> Stdout
belong

==> Return code 0
==> Fail

==> Input: 'asdvfdergb', expecting 'adverb'
==> Stdout
adverb

==> Return code 0
==> Pass

==> Input: 'mngfrertrtyuioiuyds', expecting 'metros'
==> Stdout
Neosho

==> Return code 0
==> Fail

==> Input: 'asdfguiuytrghnmnhgred', expecting 'affirmed'
==> Stdout
affirmed

==> Return code 0
==> Pass

==> Input: 'sxcvhjiolkjhgfdsaseresdfghjiopoiuyts', expecting 'scholarships'
==> Stdout
scholarships

==> Return code 0
==> Pass

==> Input: 'bnkloiuytfdrthiuytressdrtyuiuytrer', expecting 'bloodthirstier'
==> Stdout
bloodthirsty

==> Return code 0
==> Fail

==> Input: 'ascvbnhybjoiufddfgyuiuytres', expecting 'anybodies'
==> Stdout


==> Return code 0
==> Fail

==> Input: 'jhgfdsascvbvfdertyuijnbg', expecting 'jabbering'
==> Stdout
jabbering

==> Return code 0
==> Pass

==> Input: 'dfgyuiuytdsdtyuiuyfdefgbnnhtrds', expecting 'dissidents'
==> Stdout
dissidents

==> Return code 0
==> Pass

==> Input: 'hujmngfdsascvbnjiuyty', expecting 'humanity'
==> Stdout
humanity

==> Return code 0
==> Pass

==> Input: 'bnklkuytrefgbjiuytrds', expecting 'bluebirds'
==> Stdout
bluebirds

==> Return code 0
==> Pass

==> Input: 'cghioiujngtytrds', expecting 'countys'
==> Stdout
county's

==> Return code 0
==> Fail

==> Input: 'serghnnnhytrty', expecting 'sentry'
==> Stdout
sentry

==> Return code 0
==> Pass

==> Input: 'poiuytrtyuiooiuytdsedcgyuytyuiokjnbvfds', expecting 'prosecutions'
==> Stdout
prosecutions

==> Return code 0
==> Pass

==> Input: 'bnklkjhgfdsasxcvbhjk', expecting 'black'
==> Stdout
black

==> Return code 0
==> Pass

==> Input: 'dsasdfghnmnbfds', expecting 'dams'
==> Stdout
dams

==> Return code 0
==> Pass

==> Input: 'thgrtyuiooijnbjijng', expecting 'throbbing'
==> Stdout
thriving

==> Return code 0
==> Fail

==> Input: 'sxcfrewdrtyuiuhgvfer', expecting 'screwdriver'
==> Stdout
screwdriver

==> Return code 0
==> Pass

==> Input: 'asdtyuiuytrtjklijnbgfer', expecting 'airliner'
==> Stdout
airline

==> Return code 0
==> Fail

==> Input: 'hjioloiugcxasrtyuytdsdrtrds', expecting 'holocausts'
==> Stdout


==> Return code 0
==> Fail

==> Input: 'cvbnkloiuyfdses', expecting 'closes'
==> Stdout
closes

==> Return code 0
==> Pass

==> Input: 'sdccccccccvhjiollkjbhjioiuytrds', expecting 'schoolboys'
==> Stdout
schoolboys

==> Return code 0
==> Pass

==> Input: 'nbvfdsasdrtyuiopoijnbg', expecting 'napping'
==> Stdout
mapping

==> Return code 0
==> Fail

==> Input: 'vhuilkjhgfdsasdfgfdes', expecting 'villages'
==> Stdout
villages

==> Return code 0
==> Pass

==> Input: 'sdfyuiuytre', expecting 'suite'
==> Stdout
site

==> Return code 0
==> Fail

==> Input: 'mjuytrdsdfyuiugc', expecting 'music'
==> Stdout
music

==> Return code 0
==> Pass

==> Input: 'mkiuytresasdfgfes', expecting 'mirages'
==> Stdout
messages

==> Return code 0
==> Fail

==> Input: 'sdfghjkliuytrer', expecting 'slitter'
==> Timeout

==> Input: 'mkiuytrssdrertyuiopoiuytreserfghnhgtred', expecting 'misrepresented'
==> Stdout
misrepresented

==> Return code 0
==> Pass

==> Input: 'lkjhgfdsases', expecting 'lasses'
==> Stdout
lasses

==> Return code 0
==> Pass

==> Input: 'cvghuiuytrdcgyujmnbvfdsdrtresasdfgbnbvcdes', expecting 'circumstances'
==> Stdout
circumstances

==> Return code 0
==> Pass

==> Input: 'ijnbvcxsaasdftyuioppoiuytrdsaascvghuiuytrdsasdrtres', expecting 'incapacitates'
==> Stdout
incapacitated

==> Return code 0
==> Fail

==> Input: 'cvghjioiujnhgtreresasdftresasxcvbjkjhgfds', expecting 'counterattacks'
==> Stdout


==> Return code 0
==> Fail

==> Input: 'lkjhgfdsasertytrds', expecting 'lays'
==> Stdout
lauds

==> Return code 0
==> Fail

==> Input: 'asereewasrres', expecting 'arrearss'
==> Stdout
stars

==> Return code 0
==> Fail

==> Input: 'bhuytred', expecting 'butted'
==> Stdout
butted

==> Return code 0
==> Pass

==> Input: 'bgfresdrtred', expecting 'bested'
==> Stdout
bested

==> Return code 0
==> Pass

==> Input: 'hgfrertyhjkliuhgfcvghjkoppoiuytrertyuijnbg', expecting 'helicoptering'
==> Stdout


==> Return code 0
==> Fail

==> Input: 'erfghnmlploiuytrers', expecting 'employers'
==> Stdout
employers

==> Return code 0
==> Pass

==> Input: 'gyuiklkjhgrert', expecting 'gullet'
==> Stdout
gullet

==> Return code 0
==> Pass

==> Input: 'jiolkjuytred', expecting 'jilted'
==> Stdout
jolted

==> Return code 0
==> Fail

==> Input: 'sdfghjiokjnbgfre', expecting 'shone'
==> Stdout
some

==> Return code 0
==> Fail

==> Input: 'ijnjiuytyuiuytdsasdfghjklkjhgfds', expecting 'initials'
==> Stdout
initials

==> Return code 0
==> Pass

==> Input: 'mnhgfrertyuiuytyuijnbg', expecting 'meriting'
==> Stdout


==> Return code 0
==> Fail

==> Input: 'sdftyuiuytyuijnhg', expecting 'sitting'
==> Stdout
sitting

==> Return code 0
==> Pass

==> Input: 'ijnhgtreresdrtrsasrtres', expecting 'interstates'
==> Stdout
interstates

==> Return code 0
==> Pass

==> Input: 'bhuyttttfcvghgfder', expecting 'butcher'
==> Stdout
butcher

==> Return code 0
==> Pass

==> Input: 'bhuytfdxzser', expecting 'buzzer'
==> Stdout
buzzer

==> Return code 0
==> Pass

==> Input: 'bgresasdrtrds', expecting 'brats'
==> Stdout
beats

==> Return code 0
==> Fail

==> Input: 'opoijhgthgfdsasdfghjkllllllllkmkollllllllloiugytrds', expecting 'ophthalmologys'
==> Stdout


==> Return code 0
==> Fail

==> Input: 'aserfcvghuiopoiuytrertyuikllkjhgfdsasdfghuio', expecting 'archipelago'
==> Stdout
archipelago

==> Return code 0
==> Pass

==> Input: 'erfghnmnhgfdergfred', expecting 'emerged'
==> Stdout
emerged

==> Return code 0
==> Pass

==> Input: 'sdftyuikmjuuilkjhgfdsasdrtyuijnbg', expecting 'simulating'
==> Stdout
stimulating

==> Return code 0
==> Fail

==> Input: 'poiuytrdsasertrds', expecting 'parts'
==> Stdout
parts

==> Return code 0
==> Pass

==> Input: 'vhuijnbgferfgfdsaser', expecting 'vinegar'
==> Stdout
vinegar

==> Return code 0
==> Pass

==> Input: 'iuytdsdftyuijnbg', expecting 'issuing'
==> Stdout
using

==> Return code 0
==> Fail

==> Input: 'poiuiopoil', expecting 'pupil'
==> Stderr
Traceback (most recent call last):
  File "entries/flowhard.py", line 18, in <module>
    print r[0]['term'] if len(r) > 0 else ""
UnicodeEncodeError: 'ascii' codec can't encode character u'\U0001f6b8' in position 0: ordinal not in range(128)

==> Return code 1
==> Error

==> Input: 'nbvcdsasdcvfdertyuklkjhgfds', expecting 'navels'
==> Stdout


==> Return code 0
==> Fail

==> Input: 'sdrtyuhbnmklkjhgfre', expecting 'stubble'
==> Stdout
stubble

==> Return code 0
==> Pass

==> Input: 'dfyuiuyty', expecting 'ditty'
==> Stdout
dirty

==> Return code 0
==> Fail

==> Input: 'trerthjkliuytrds', expecting 'trellis'
==> Stdout
trellis

==> Return code 0
==> Pass

==> Input: 'dfguioooknbvdsasrtyuiokjn', expecting 'donation'
==> Stdout
donation

==> Return code 0
==> Pass

==> Input: 'loiuhgfcvbhjkjhgfreres', expecting 'lockers'
==> Stdout
lockers

==> Return code 0
==> Pass

==> Input: 'tyuioiuytresdfguio', expecting 'torso'
==> Stdout
torso

==> Return code 0
==> Pass

==> Input: 'fguiuytdsdfghgtrer', expecting 'fisher'
==> Stdout
fisher

==> Return code 0
==> Pass

==> Input: 'poiuhghjmhgrerfgbnhtrds', expecting 'pigments'
==> Stdout
pigments

==> Return code 0
==> Pass

==> Input: 'dsazxcghjklkjhgfde', expecting 'dazzle'
==> Stdout
dazzle

==> Return code 0
==> Pass

==> Input: 'sdfghjkiopoiuytred', expecting 'skipped'
==> Stdout
skipped

==> Return code 0
==> Pass

==> Input: 'fghjklkjhgfdsasdfghjopoiuytred', expecting 'flapped'
==> Stdout
flapped

==> Return code 0
==> Pass

==> Input: 'loijnbvcvbnmkloiuyth', expecting 'loincloth'
==> Stdout
loincloth

==> Return code 0
==> Pass

==> Input: 'sdfyuikmnbgfertyuijnbg', expecting 'simmering'
==> Stdout
simmering

==> Return code 0
==> Pass

==> Input: 'cvbjkloiuhgfcvhjkjhgfds', expecting 'cloaks'
==> Stdout
clicks

==> Return code 0
==> Fail

==> Input: 'dfgyuilkjhtred', expecting 'dulled'
==> Stdout
filed

==> Return code 0
==> Fail

==> Input: 'cvbjklkjhgfdsasdfgbnmnhgfdsasdrtre', expecting 'classmate'
==> Stdout
classmate

==> Return code 0
==> Pass

==> Input: 'qwertyuytresasddrtyuuuuuuuuuuiopoiuytreds', expecting 'quadrupeds'
==> Stdout
quadrupled

==> Return code 0
==> Fail

==> Input: 'bvcxzasdfgfes', expecting 'badges'
==> Stdout
badges

==> Return code 0
==> Pass

==> Input: 'sdtyuhbvdsdftyuiuytfdsdrtrs', expecting 'subsists'
==> Stdout
subsistence

==> Return code 0
==> Fail

==> Input: 'poiuytrtyuioijhgvbhjiokjhgred', expecting 'provoked'
==> Stdout
provoked

==> Return code 0
==> Pass

==> Input: 'poiuygfer', expecting 'puffer'
==> Stdout
offer

==> Return code 0
==> Fail

==> Input: 'cvghjiokjnbvdsdfyuiklkjhyt', expecting 'consult'
==> Stdout
consult

==> Return code 0
==> Pass

==> Input: 'gfdsasdfyuijnbvfds', expecting 'gains'
==> Stdout
gains

==> Return code 0
==> Pass

==> Input: 'sdfghjklkjhgrertres', expecting 'sleets'
==> Stdout
alerts

==> Return code 0
==> Fail

==> Input: 'nbvdsasdfgyuytrdsssewasrtyuijnbg', expecting 'nauseating'
==> Stdout
nauseating

==> Return code 0
==> Pass

==> Input: 'dfyuiuytrdscfrtyuikmkijnbvfdsasrtre', expecting 'discriminate'
==> Stdout
discriminate

==> Return code 0
==> Pass

==> Input: 'tyhgfdsaws', expecting 'thaws'
==> Stdout
thaws

==> Return code 0
==> Pass

==> Input: 'poiuytrewderes', expecting 'powders'
==> Stdout
powders

==> Return code 0
==> Pass

==> Input: 'sdfguioiuhgfccvghuioloiuhghuiugfcxsasdfghjkl', expecting 'sociological'
==> Stdout
sociological

==> Return code 0
==> Pass

==> Input: 'mjuytrdsertyujm', expecting 'museum'
==> Stdout
museum

==> Return code 0
==> Pass

==> Input: 'bhuytfdfgre', expecting 'budge'
==> Stdout
budge

==> Return code 0
==> Pass

==> Input: 'opoiuytdsdtyuijng', expecting 'opposing'
==> Stdout
opposing

==> Return code 0
==> Pass

==> Input: 'okjnmklkjuy', expecting 'only'
==> Stdout
only

==> Return code 0
==> Pass

==> Input: 'bhuytrtyuioiuytrews', expecting 'burrows'
==> Stdout
burrows

==> Return code 0
==> Pass

==> Input: 'erghnbvcxsasdfguiopoiuytdsdtyuilkjhgfdsasertred', expecting 'encapsulated'
==> Stdout
encapsulated

==> Return code 0
==> Pass

==> Input: 'sasertrerthjkliuytred', expecting 'satellited'
==> Stdout
satellites

==> Return code 0
==> Fail

==> Input: 'asdfgbnjuytdsasdfghjkl', expecting 'annual'
==> Stdout
annual

==> Return code 0
==> Pass

==> Input: 'cghuytrese', expecting 'curse'
==> Stdout
curse

==> Return code 0
==> Pass

==> Input: 'gfert', expecting 'get'
==> Stdout
get

==> Return code 0
==> Pass

==> Input: 'liokjn', expecting 'lion'
==> Stdout
lion

==> Return code 0
==> Pass

==> Input: 'edxcghjioploiuytdsdtyuiuhvfres', expecting 'explosives'
==> Timeout

==> Input: 'erfgnmmmmlpploiuyjmjhgrerfgbnhgt', expecting 'employment'
==> Stdout
employment

==> Return code 0
==> Pass

==> Input: 'sdfghgrertyuiop', expecting 'sheep'
==> Stdout
sheep

==> Return code 0
==> Pass

==> Input: 'dfgyuioiuytrewwedfgbnjiuytresdrt', expecting 'downiest'
==> Stderr
Traceback (most recent call last):
  File "entries/flowhard.py", line 18, in <module>
    print r[0]['term'] if len(r) > 0 else ""
UnicodeEncodeError: 'ascii' codec can't encode character u'\U0001f6a4' in position 0: ordinal not in range(128)

==> Return code 1
==> Error

==> Input: 'mkoihgvfred', expecting 'moved'
==> Stdout
moved

==> Return code 0
==> Pass

==> Input: 'dedcfrtyuiuytres', expecting 'decries'
==> Stdout
decries

==> Return code 0
==> Pass

==> Input: 'asdfghjiooooooooiuytrtghjmnhgfrefgbnhtrds', expecting 'assortments'
==> Stdout
assortments

==> Return code 0
==> Pass

==> Input: 'cfrtyuiokjn', expecting 'croon'
==> Stdout
croon

==> Return code 0
==> Pass

==> Input: 'cvbhjklkjhgfdsasdfghgres', expecting 'clashs'
==> Stdout
clashes

==> Return code 0
==> Fail

==> Input: 'sdfyuijnghjklkjhytres', expecting 'singles'
==> Stdout
singles

==> Return code 0
==> Pass

==> Input: 'asrtyuiuyfdsdrtyuiuhgcxsasdfghjklkuy', expecting 'artistically'
==> Stdout
artistically

==> Return code 0
==> Pass

==> Input: 'sdfghjioiuilkjhgfder', expecting 'shoulder'
==> Stdout
shoulder

==> Return code 0
==> Pass

==> Input: 'sdrtyujnbgfghjkloiuytreweres', expecting 'sunflowers'
==> Stdout
sunflowers

==> Return code 0
==> Pass

==> Input: 'hjioiuyfdsdrtrds', expecting 'hoists'
==> Stdout
hosts

==> Return code 0
==> Fail

==> Input: 'sdtyuikmlplkjhgfer', expecting 'simpler'
==> Stdout
simpler

==> Return code 0
==> Pass

==> Input: 'zxfghuiopoiuytreres', expecting 'zippers'
==> Stdout
zippers

==> Return code 0
==> Pass

==> Input: 'qwertyuytrerfgbnmkliuytrer', expecting 'queenlier'
==> Stdout
quelled

==> Return code 0
==> Fail

==> Input: 'rerthjkoiuygfcded', expecting 'rejoiced'
==> Stdout
rejoiced

==> Return code 0
==> Pass

==> Input: 'werthjikmngfds', expecting 'whims'
==> Stdout
whims

==> Return code 0
==> Pass

==> Input: 'sdfguiopoiuytredftyuijng', expecting 'speeding'
==> Stdout
speeding

==> Return code 0
==> Pass

==> Input: 'wertyuijnbgfres', expecting 'wines'
==> Stdout
wines

==> Return code 0
==> Pass

==> Input: 'mnbvcdsasertrds', expecting 'marts'
==> Stdout
mats

==> Return code 0
==> Fail

==> Input: 'kjnbvfdsasxcvhjkjhgfrer', expecting 'knacker'
==> Stdout
knackered

==> Return code 0
==> Fail

==> Input: 'oiuytrgbhjiuytrdsasdfghjkl', expecting 'orbital'
==> Stdout
orbital

==> Return code 0
==> Pass

==> Input: 'trtyuiopoiuytred', expecting 'tripped'
==> Stdout
tripped

==> Return code 0
==> Pass

==> Input: 'lkjhgfdsasdfgbnbghuytrsasdfgfes', expecting 'languages'
==> Stdout
languages

==> Return code 0
==> Pass

==> Input: 'sdfghjkiopoiuytrer', expecting 'skipper'
==> Stdout
skipper

==> Return code 0
==> Pass

==> Input: 'bvcdsaserfgbgfdedcghuytred', expecting 'barbecued'
==> Stdout
barbecued

==> Return code 0
==> Pass

==> Input: 'ghuygfdxzxcvbjklkjhgre', expecting 'guzzle'
==> Stdout
guzzle

==> Return code 0
==> Pass

==> Input: 'wefghiuytrtjkl', expecting 'whirl'
==> Stdout
whirl

==> Return code 0
==> Pass

==> Input: 'ijnbgfguiuyfdertyuillkjhgfds', expecting 'infidels'
==> Stdout
infidels

==> Return code 0
==> Pass

==> Input: 'resasdbnmnbvfds', expecting 'rams'
==> Stdout
teams

==> Return code 0
==> Fail

==> Input: 'fghuioiuhg', expecting 'fog'
==> Stdout
dog

==> Return code 0
==> Fail

==> Input: 'sasdesdrt', expecting 'saddest'
==> Stdout
saddest

==> Return code 0
==> Pass

==> Input: 'sdfghuioplkmnhgrefgbnhtrds', expecting 'shipments'
==> Stdout
shipments

==> Return code 0
==> Pass

==> Input: 'cfrtyuikmkijnbvdsasdfghjklkuy', expecting 'criminally'
==> Stdout
criminally

==> Return code 0
==> Pass

==> Input: 'resasdrttyuioijnnbvcsasdfghjklkjhgres', expecting 'rationales'
==> Stdout
rationales

==> Return code 0
==> Pass

==> Input: 'asdfguiopoiuytred', expecting 'aped'
==> Stdout
adopted

==> Return code 0
==> Fail

==> Input: 'liuytreres', expecting 'litters'
==> Stdout
liters

==> Return code 0
==> Fail

==> Input: 'tredxftyuytrtyuijng', expecting 'texturing'
==> Stdout
texturing

==> Return code 0
==> Pass

==> Input: 'jiokjhgreres', expecting 'jokers'
==> Stdout
jokers

==> Return code 0
==> Pass

==> Input: 'asdfghjkopoiuytrewasdfgyuijng', expecting 'appeasing'
==> Stdout
appeasing

==> Return code 0
==> Pass

==> Input: 'tyhgfdertghjmkoiuytdsdrtrsasrtrds', expecting 'thermostats'
==> Stdout
thermostats

==> Return code 0
==> Pass

==> Input: 'vbhjkoiuytrdsasdfgfreres', expecting 'voyagers'
==> Stdout
voyagers

==> Return code 0
==> Pass

==> Input: 'juygfcxxdftrsaasdfghjiopoiuytrdsdftyuiuytyuiokjnbvfds', expecting 'juxtapositions'
==> Stdout
juxtapositions

==> Return code 0
==> Pass

==> Input: 'iuhgvgytrds', expecting 'ivys'
==> Stdout
occurs

==> Return code 0
==> Fail

==> Input: 'bnklkjhgrewasxcvghuijng', expecting 'bleaching'
==> Stdout
bleaching

==> Return code 0
==> Pass

==> Input: 'ghjkliuytyuiokjnhy', expecting 'gluttony'
==> Stdout
gluttony

==> Return code 0
==> Pass

==> Input: 'asdvbnmklpoiuytresasdrtyuiokjn', expecting 'amputation'
==> Stdout
amputation

==> Return code 0
==> Pass

==> Input: 'fghjklkjhgfdsasdfghgfres', expecting 'flashes'
==> Stdout
flashes

==> Return code 0
==> Pass

==> Input: 'plkjhgfdsasrtreres', expecting 'plasters'
==> Stdout
players

==> Return code 0
==> Fail

==> Input: 'poiuytresaseresasdfghuioiugfdxcguiugcxsasdfghjklkuy', expecting 'paradoxically'
==> Stdout
paradoxically

==> Return code 0
==> Pass

==> Input: 'tresazxcvbjkjhgred', expecting 'tacked'
==> Stdout
tracked

==> Return code 0
==> Fail

==> Input: 'reserfvfes', expecting 'reserves'
==> Stdout
reserves

==> Return code 0
==> Pass

==> Input: 'nbvcxsasertyuioiuytrewer', expecting 'narrower'
==> Stdout
narrower

==> Return code 0
==> Pass

==> Input: 'oijhgvfderesasdfgbn', expecting 'overran'
==> Stdout
overran

==> Return code 0
==> Pass

==> Input: 'cxsasdrtyuijnhg', expecting 'casting'
==> Stdout
carrying

==> Return code 0
==> Fail

==> Input: 'sdrttttyuytreres', expecting 'stutters'
==> Stdout
stutters

==> Return code 0
==> Pass

==> Input: 'reedcghuiopoiuytrerfghnhgtres', expecting 'recipients'
==> Stdout
recipients

==> Return code 0
==> Pass

==> Input: 'sdfghjkliopoiuyfdsdfghjioiuyfd', expecting 'slipshod'
==> Stdout


==> Return code 0
==> Fail

==> Input: 'refvbhuilkjhgfds', expecting 'rebuilds'
==> Stdout
rebuilds

==> Return code 0
==> Pass

==> Input: 'njkokmnbvcxsasdfgyuiuhgvc', expecting 'nomadic'
==> Stdout
nomadic

==> Return code 0
==> Pass

==> Input: 'ikmklpoiuytrtyuiopoiuytrertyuklkiuy', expecting 'improperly'
==> Stdout
improperly

==> Return code 0
==> Pass

==> Input: 'fertyuytds', expecting 'fetuss'
==> Stderr
Traceback (most recent call last):
  File "entries/flowhard.py", line 18, in <module>
    print r[0]['term'] if len(r) > 0 else ""
UnicodeEncodeError: 'ascii' codec can't encode character u'\U0001f3a1' in position 0: ordinal not in range(128)

==> Return code 1
==> Error

==> Input: 'dertredcftrs', expecting 'detects'
==> Stdout
detects

==> Return code 0
==> Pass

==> Input: 'dedfyuygcft', expecting 'deduct'
==> Stdout
deduct

==> Return code 0
==> Pass

==> Input: 'fguioiuytrtyuiuytres', expecting 'forties'
==> Stdout
forties

==> Return code 0
==> Pass

==> Input: 'bnklkjhgresdtyuijnbgfds', expecting 'blessings'
==> Stdout
blessings

==> Return code 0
==> Pass

==> Input: 'oiuytrtyuiiuytrerfghnnhgtyuijng', expecting 'orienting'
==> Stdout
orienting

==> Return code 0
==> Pass

==> Input: 'sdtyuhgfdsaseres', expecting 'sugars'
==> Stdout
sugars

==> Return code 0
==> Pass

==> Input: 'wasdfghjkloiuytrews', expecting 'wallows'
==> Stdout
Wallowa

==> Return code 0
==> Fail

==> Input: 'ijnjuyfdsasrtre', expecting 'inundate'
==> Stdout
inundate

==> Return code 0
==> Pass

==> Done!
==> Errors: 3/250       Fails: 67/250       Passes: 164/250     Timeouts: 16/250    
==> Took 45.599085330963135 seconds, 0.18239634132385255 per test
==> Fails: {('sasertrerthjkliuytred', 'satellited'), ('ascvbnhybjoiufddfgyuiuytres', 'anybodies'), ('dfgyuilkjhtred', 'dulled'), ('poiuygfer', 'puffer'), ('poiuytrsasvbnhgfdsasdvbnbgfdfghjklkjhgers', 'panhandlers'), ('bgresasdfyuiuytdses', 'braises'), ('fghuioiuhg', 'fog'), ('sdfghjkliopoiuyfdsdfghjioiuyfd', 'slipshod'), ('asdtyuiuytrtjklijnbgfer', 'airliner'), ('ikmnbvcxsasrtyuytrtyuiuytytrds', 'immaturitys'), ('ijnjuytrerfgbnbvfdfghioiuytds', 'innuendos'), ('bgresasdrtrds', 'brats'), ('csasertyuiolkjhgred', 'casseroled'), ('ijnbvcxsaasdftyuioppoiuytrdsaascvghuiuytrdsasdrtres', 'incapacitates'), ('oijhvfderrrrrrrrrrrrrrrewaxcftrds', 'overreacts'), ('ijnbvdsascvbnbgfesdt', 'inanest'), ('vcsasdtyuijnbgfresdt', 'vainest'), ('lkjhgfdsasertytrds', 'lays'), ('asereewasrres', 'arrearss'), ('hjioiuyfdsdrtrds', 'hoists'), ('sdfghjklkjhgrertres', 'sleets'), ('iuhgvgytrds', 'ivys'), ('hgfrertyhjkliuhgfcvghjkoppoiuytrertyuijnbg', 'helicoptering'), ('mnbvcdsasertrds', 'marts'), ('nbvcdsasdcvfdertyuklkjhgfds', 'navels'), ('rerfgbnnnnnnnnnnnnnnbfdeeeeeeeeeeeeeeeeeeeeeeeeeeeszxcvbhjioiuytfds', 'rendezvouss'), ('liuytreres', 'litters'), ('iuytdsdftyuijnbg', 'issuing'), ('asdfguiopoiuytred', 'aped'), ('cxsasdrtyuijnhg', 'casting'), ('cghuioijngfdesasdfghjklkjhgfds', 'congeals'), ('plkjhgfdsasrtreres', 'plasters'), ('thgrtyuiooijnbjijng', 'throbbing'), ('cghiokmujngfe', 'commune'), ('ghioiuyfdfvbnmkoiuythgfers', 'godmothers'), ('cvbhjklkjhgfdsasdfghgres', 'clashs'), ('qwertyuytrerfgbnmkliuytrer', 'queenlier'), ('resasdbnmnbvfds', 'rams'), ('miuhgcfrtyuioooooiugfgyuiolmnbvfds', 'microfilms'), ('mngfrertrtyuioiuyds', 'metros'), ('csasduiopoilkjhgfdsasdrrtytds', 'capillarys'), ('nbvfdsasdrtyuiopoijnbg', 'napping'), ('sdtyuhbvdsdftyuiuytfdsdrtrs', 'subsists'), ('hjioloiugcxasrtyuytdsdrtrds', 'holocausts'), ('sdfghjiokjnbgfre', 'shone'), ('cvghjioiujnhgtreresasdftresasxcvbjkjhgfds', 'counterattacks'), ('ases', 'asses'), ('kjnbvfdsasxcvhjkjhgfrer', 'knacker'), ('mkiuytresasdfgfes', 'mirages'), ('cvbjkloiuhgfcvhjkjhgfds', 'cloaks'), ('gfesdrtyuiuhgfcccccgyuilkjhgfdsasrtres', 'gesticulates'), ('lkjhgfdsasrty', 'lay'), ('bnkloiuytfdrthiuytressdrtyuiuytrer', 'bloodthirstier'), ('jiolkjuytred', 'jilted'), ('sdfyuiuytre', 'suite'), ('sdftyuikmjuuilkjhgfdsasdrtyuijnbg', 'simulating'), ('bjokmngfds', 'booms'), ('dfyuiuyty', 'ditty'), ('rerghuiiiiiuytrdsssssssssssssssssssssdrtresasrtyuiokjn', 'registrations'), ('wasdfghjkloiuytrews', 'wallows'), ('nbgfertyukloijng', 'nettling'), ('cghioiujngtytrds', 'countys'), ('opoijhgthgfdsasdfghjkllllllllkmkollllllllloiugytrds', 'ophthalmologys'), ('qwertyuytresasddrtyuuuuuuuuuuiopoiuytreds', 'quadrupeds'), ('tresazxcvbjkjhgred', 'tacked'), ('mnhgfrertyuiuytyuijnbg', 'meriting'), ('trertresasdbnjuytds', 'tetanuss')}
